[22:56:42] [ServerMain/INFO]: [bootstrap] Running Java 25 (OpenJDK 64-Bit Server VM 25.0.2+10-LTS; Microsoft Microsoft-13053558) on Linux 6.8.0-1052-azure (amd64)
[22:56:42] [ServerMain/INFO]: [bootstrap] Loading Paper 1.21.10-129-ver/1.21.10@3e25649 (2025-12-19T23:34:30Z) for Minecraft 1.21.10
[22:56:42] [ServerMain/INFO]: [PluginInitializerManager] Initializing plugins...
[22:56:44] [ServerMain/INFO]: [PluginInitializerManager] Initialized 5 plugins
[22:56:44] [ServerMain/INFO]: [PluginInitializerManager] Bukkit plugins (5):
 - Geyser-Spigot (2.10.1-SNAPSHOT), ViaBackwards (5.10.0), ViaVersion (5.10.0), connect (0.7.7), floodgate (2.2.5-SNAPSHOT (b134-963ae91))
[22:56:48] [ServerMain/INFO]: Environment: Environment[sessionHost=https://sessionserver.mojang.com, servicesHost=https://api.minecraftservices.com, profilesHost=https://api.mojang.com, name=PROD]
[22:56:50] [ServerMain/INFO]: Loaded 1461 recipes
[22:56:50] [ServerMain/INFO]: Loaded 1574 advancements
[22:56:50] [ServerMain/INFO]: [ca.spottedleaf.dataconverter.minecraft.datatypes.MCTypeRegistry] Initialising converters for DataConverter...
[22:56:51] [ServerMain/INFO]: [ca.spottedleaf.dataconverter.minecraft.datatypes.MCTypeRegistry] Finished initialising converters for DataConverter in 413.7ms
[22:56:51] [Server thread/INFO]: Starting minecraft server version 1.21.10
[22:56:51] [Server thread/INFO]: Loading properties
[22:56:51] [Server thread/INFO]: This server is running Paper version 1.21.10-129-ver/1.21.10@3e25649 (2025-12-19T23:34:30Z) (Implementing API version 1.21.10-R0.1-SNAPSHOT)
[22:56:51] [Server thread/INFO]: [spark] This server bundles the spark profiler. For more information please visit https://docs.papermc.io/paper/profiling
[22:56:51] [Server thread/INFO]: Server Ping Player Sample Count: 12
[22:56:51] [Server thread/INFO]: Using 4 threads for Netty based IO
[22:56:52] [Server thread/INFO]: [MoonriseCommon] Paper is using 1 worker threads, 1 I/O threads
[22:56:52] [Server thread/INFO]: Default game type: SURVIVAL
[22:56:52] [Server thread/INFO]: Generating keypair
[22:56:52] [Server thread/INFO]: Starting Minecraft server on *:25565
[22:56:52] [Server thread/INFO]: Using epoll channel type
[22:56:52] [Server thread/INFO]: Paper: Using libdeflate (Linux x86_64) compression from Velocity.
[22:56:52] [Server thread/INFO]: Paper: Using OpenSSL 3.x.x (Linux x86_64) cipher from Velocity.
[22:56:53] [Server thread/INFO]: [floodgate] Loading server plugin floodgate v2.2.5-SNAPSHOT (b134-963ae91)
[22:56:54] [Server thread/WARN]: [floodgate] en_ is not a supported Floodgate language.
[22:56:54] [Server thread/INFO]: [floodgate] Took 884ms to boot Floodgate
[22:56:54] [Server thread/INFO]: [ViaVersion] Loading server plugin ViaVersion v5.10.0
[22:56:54] [Server thread/INFO]: [ViaVersion] ViaVersion 5.10.0 is now loaded. Registering protocol transformers and injecting...
[22:56:55] [Via-Mappingloader-1/INFO]: [ViaVersion] Loading block connection mappings ...
[22:56:55] [Server thread/INFO]: [ViaBackwards] Loading translations...
[22:56:55] [Server thread/INFO]: [ViaBackwards] Registering protocols...
[22:56:55] [Server thread/INFO]: [Geyser-Spigot] Loading server plugin Geyser-Spigot v2.10.1-SNAPSHOT
[22:56:56] [Server thread/INFO]: [Geyser-Spigot] Loading extensions...
[22:56:56] [Server thread/INFO]: [Geyser-Spigot] Loaded 0 extension(s)
[22:56:56] [Server thread/INFO]: [connect] Loading server plugin connect v0.7.7
[22:56:57] [Server thread/WARN]: [connect] en_ is not a supported language.
[22:56:57] [Server thread/INFO]: [connect] Took 1,347ms to boot Connect
[22:56:57] [Server thread/INFO]: [ViaBackwards] Loading server plugin ViaBackwards v5.10.0
[22:56:57] [Server thread/INFO]: Server permissions file permissions.yml is empty, ignoring it
[22:56:57] [Server thread/WARN]: **** SERVER IS RUNNING IN OFFLINE/INSECURE MODE!
[22:56:57] [Server thread/WARN]: The server will make no attempt to authenticate usernames. Beware.
[22:56:57] [Server thread/WARN]: While this makes the game possible to play without internet access, it also opens up the ability for hackers to connect with any username they choose.
[22:56:57] [Server thread/WARN]: To change this, set "online-mode" to "true" in the server.properties file.
[22:56:57] [Server thread/INFO]: Preparing level "world"
[22:56:58] [Server thread/INFO]: Loading 0 persistent chunks for world 'minecraft:overworld'...
[22:56:58] [Server thread/INFO]: Preparing spawn area: 100%
[22:56:58] [Server thread/INFO]: Prepared spawn area in 1 ms
[22:56:58] [Server thread/INFO]: Loading 0 persistent chunks for world 'minecraft:the_nether'...
[22:56:58] [Server thread/INFO]: Prepared spawn area in 0 ms
[22:56:58] [Server thread/INFO]: Loading 0 persistent chunks for world 'minecraft:the_end'...
[22:56:58] [Server thread/INFO]: Prepared spawn area in 1 ms
[22:56:58] [Server thread/INFO]: Done preparing level "world" (0.482s)
[22:56:58] [Server thread/INFO]: [floodgate] Enabling floodgate v2.2.5-SNAPSHOT (b134-963ae91)
[22:56:58] [Server thread/INFO]: [ViaVersion] Enabling ViaVersion v5.10.0
[22:56:58] [Server thread/INFO]: [ViaVersion] ViaVersion detected server version: 1.21.9-1.21.10 (773)
[22:56:58] [Server thread/INFO]: [Geyser-Spigot] Enabling Geyser-Spigot v2.10.1-SNAPSHOT
[22:56:59] [Server thread/INFO]: [connect] Enabling connect v0.7.7
[22:57:00] [Server thread/INFO]: [connect] Endpoint name: serverja
[22:57:00] [Server thread/INFO]: [connect] Your public address: serverja.play.minekube.net
[22:57:00] [Server thread/INFO]: [ViaBackwards] Enabling ViaBackwards v5.10.0
[22:57:00] [Server thread/INFO]: [spark] Starting background profiler...
[22:57:00] [OkHttp https://watch-connect.minekube.net/.../INFO]: [connect] Started watching for new player sessions
[22:57:00] [Server thread/INFO]: [Geyser-Spigot] ******************************************
[22:57:00] [Server thread/INFO]: [Geyser-Spigot] 
[22:57:00] [Server thread/INFO]: [Geyser-Spigot] Loading Geyser version 2.10.1-b1174 (git-master-7b60de1)
[22:57:00] [Server thread/INFO]: [Geyser-Spigot] 
[22:57:00] [Server thread/INFO]: [Geyser-Spigot] ******************************************
[22:57:04] [GeyserServer-7-1/INFO]: [Geyser-Spigot] Started Geyser on UDP port 19132
[22:57:04] [Server thread/INFO]: [Geyser-Spigot] Done (3.857s)! Run /geyser help for help!
[22:57:04] [Server thread/INFO]: Running delayed init tasks
[22:57:04] [Server thread/INFO]: Done (23.305s)! For help, type "help"
[22:57:04] [Craft Scheduler Thread - 2 - ViaVersion/INFO]: [ViaVersion] Finished mapping loading, shutting down loader executor.
[22:58:22] [Server thread/INFO]: Stopping the server
[22:58:22] [Server thread/INFO]: Stopping server
[22:58:22] [Server thread/INFO]: [ViaBackwards] Disabling ViaBackwards v5.10.0
[22:58:22] [Server thread/INFO]: [connect] Disabling connect v0.7.7
[22:58:22] [Server thread/INFO]: [connect] Stopped watching for sessions
[22:58:22] [Server thread/INFO]: [Geyser-Spigot] Disabling Geyser-Spigot v2.10.1-SNAPSHOT
[22:58:22] [Server thread/INFO]: [Geyser-Spigot] Shutting down Geyser.
[22:58:22] [Server thread/INFO]: [Geyser-Spigot] Geyser shutdown successfully.
[22:58:22] [Server thread/INFO]: [ViaVersion] Disabling ViaVersion v5.10.0
[22:58:22] [Server thread/INFO]: [ViaVersion] ViaVersion has been disabled; uninjected the platform and shut down the scheduler.
[22:58:22] [Server thread/INFO]: [floodgate] Disabling floodgate v2.2.5-SNAPSHOT (b134-963ae91)
[22:58:22] [Server thread/INFO]: Saving players
[22:58:22] [WebSocketConnectReadThread-96/INFO]: [Geyser-Spigot] The skin uploader has been closed
[22:58:22] [Server thread/INFO]: Saving worlds
[22:58:22] [Server thread/INFO]: Saving chunks for level 'ServerLevel[world]'/minecraft:overworld
[22:58:22] [Server thread/INFO]: [ChunkHolderManager] Waiting 60s for chunk system to halt for world 'world'
[22:58:22] [Server thread/INFO]: [ChunkHolderManager] Halted chunk system for world 'world'
[22:58:22] [Server thread/INFO]: [ChunkHolderManager] Saving all chunkholders for world 'world'
[22:58:22] [Server thread/INFO]: [ChunkHolderManager] Saved 0 block chunks, 0 entity chunks, 0 poi chunks in world 'world' in 0.00s
[22:58:22] [Server thread/INFO]: [ChunkHolderManager] Waiting 60s for chunk I/O to halt for world 'world'
[22:58:22] [Server thread/INFO]: [ChunkHolderManager] Halted I/O scheduler for world 'world'
[22:58:22] [Server thread/INFO]: Saving chunks for level 'ServerLevel[world_nether]'/minecraft:the_nether
[22:58:22] [Server thread/INFO]: [ChunkHolderManager] Waiting 60s for chunk system to halt for world 'world_nether'
[22:58:22] [Server thread/INFO]: [ChunkHolderManager] Halted chunk system for world 'world_nether'
[22:58:22] [Server thread/INFO]: [ChunkHolderManager] Saving all chunkholders for world 'world_nether'
[22:58:22] [Server thread/INFO]: [ChunkHolderManager] Saved 0 block chunks, 0 entity chunks, 0 poi chunks in world 'world_nether' in 0.00s
[22:58:22] [Server thread/INFO]: [ChunkHolderManager] Waiting 60s for chunk I/O to halt for world 'world_nether'
[22:58:22] [Server thread/INFO]: [ChunkHolderManager] Halted I/O scheduler for world 'world_nether'
[22:58:22] [Server thread/INFO]: Saving chunks for level 'ServerLevel[world_the_end]'/minecraft:the_end
[22:58:22] [Server thread/INFO]: [ChunkHolderManager] Waiting 60s for chunk system to halt for world 'world_the_end'
[22:58:22] [Server thread/INFO]: [ChunkHolderManager] Halted chunk system for world 'world_the_end'
[22:58:22] [Server thread/INFO]: [ChunkHolderManager] Saving all chunkholders for world 'world_the_end'
[22:58:22] [Server thread/INFO]: [ChunkHolderManager] Saved 0 block chunks, 0 entity chunks, 0 poi chunks in world 'world_the_end' in 0.00s
[22:58:22] [Server thread/INFO]: [ChunkHolderManager] Waiting 60s for chunk I/O to halt for world 'world_the_end'
[22:58:22] [Server thread/INFO]: [ChunkHolderManager] Halted I/O scheduler for world 'world_the_end'
[22:58:22] [Server thread/INFO]: ThreadedAnvilChunkStorage (world): All chunks are saved
[22:58:22] [Server thread/INFO]: ThreadedAnvilChunkStorage (DIM-1): All chunks are saved
[22:58:22] [Server thread/INFO]: ThreadedAnvilChunkStorage (DIM1): All chunks are saved
[22:58:22] [Server thread/INFO]: ThreadedAnvilChunkStorage: All dimensions are saved
[22:58:22] [Server thread/INFO]: Waiting for all RegionFile I/O tasks to complete...
[22:58:22] [Server thread/INFO]: All RegionFile I/O tasks to complete
[22:58:22] [Server thread/INFO]: [MoonriseCommon] Awaiting termination of worker pool for up to 60s...
[22:58:22] [Server thread/INFO]: [MoonriseCommon] Awaiting termination of I/O pool for up to 60s...
